<?xml version="1.0" encoding="UTF-8"?>
<robot generator="Robot 7.0 (Python 3.12.4 on win32)" generated="2024-10-03T16:29:04.936957" rpa="false" schemaversion="5">
<suite id="s1" name="Preenchimento Correto" source="c:\Users\jaque\OneDrive\Área de Trabalho\qa_curso_robot\testes\preenchimento_correto.robot">
<test id="s1-t1" name="Verificar se é possível criar um card para cada time se preenchermos os campos corretamente" line="17">
<kw name="Dado que eu acesse o Organo" owner="setup_teardown" type="SETUP">
<kw name="Open Browser" owner="SeleniumLibrary">
<msg time="2024-10-03T16:29:06.069030" level="INFO">Opening browser 'Chrome' to base url 'http://localhost:3000/'.</msg>
<arg>url=http://localhost:3000/</arg>
<arg>browser=Chrome</arg>
<doc>Opens a new browser instance to the optional ``url``.</doc>
<status status="PASS" start="2024-10-03T16:29:06.069030" elapsed="6.293239"/>
</kw>
<status status="PASS" start="2024-10-03T16:29:06.069030" elapsed="6.294238"/>
</kw>
<kw name="Dado que eu preencha os campos do formulário" owner="cadastro_organo">
<kw name="First Name" owner="FakerLibrary">
<msg time="2024-10-03T16:29:12.374240" level="INFO">${Nome} = Isadora</msg>
<var>${Nome}</var>
<status status="PASS" start="2024-10-03T16:29:12.373240" elapsed="0.001994"/>
</kw>
<kw name="Input Text" owner="SeleniumLibrary">
<msg time="2024-10-03T16:29:12.377230" level="INFO">Typing text 'Isadora' into text field 'id:form-nome'.</msg>
<arg>${CAMPO_NOME}</arg>
<arg>${Nome}</arg>
<doc>Types the given ``text`` into the text field identified by ``locator``.</doc>
<status status="PASS" start="2024-10-03T16:29:12.376233" elapsed="0.242075"/>
</kw>
<kw name="Job" owner="FakerLibrary">
<msg time="2024-10-03T16:29:12.618308" level="INFO">${Cargo} = Engenheiro de materiais</msg>
<var>${Cargo}</var>
<status status="PASS" start="2024-10-03T16:29:12.618308" elapsed="0.000000"/>
</kw>
<kw name="Input Text" owner="SeleniumLibrary">
<msg time="2024-10-03T16:29:12.618308" level="INFO">Typing text 'Engenheiro de materiais' into text field 'id:form-cargo'.</msg>
<arg>${CAMPO_CARGO}</arg>
<arg>${Cargo}</arg>
<doc>Types the given ``text`` into the text field identified by ``locator``.</doc>
<status status="PASS" start="2024-10-03T16:29:12.618308" elapsed="0.201334"/>
</kw>
<kw name="Image Url" owner="FakerLibrary">
<msg time="2024-10-03T16:29:12.819642" level="INFO">${Imagem} = https://placekitten.com/200/100</msg>
<var>${Imagem}</var>
<arg>width=200</arg>
<arg>height=100</arg>
<doc>Returns URL to placeholder image
Example: http://placehold.it/640x480</doc>
<status status="PASS" start="2024-10-03T16:29:12.819642" elapsed="0.000000"/>
</kw>
<kw name="Input Text" owner="SeleniumLibrary">
<msg time="2024-10-03T16:29:12.819642" level="INFO">Typing text 'https://placekitten.com/200/100' into text field 'id:form-imagem'.</msg>
<arg>${CAMPO_IMAGEM}</arg>
<arg>${Imagem}</arg>
<doc>Types the given ``text`` into the text field identified by ``locator``.</doc>
<status status="PASS" start="2024-10-03T16:29:12.819642" elapsed="0.212741"/>
</kw>
<kw name="Click Element" owner="SeleniumLibrary">
<msg time="2024-10-03T16:29:13.032383" level="INFO">Clicking element 'class:lista-suspensa'.</msg>
<arg>${CAMPO_TIME}</arg>
<doc>Click the element identified by ``locator``.</doc>
<status status="PASS" start="2024-10-03T16:29:13.032383" elapsed="0.088011"/>
</kw>
<kw name="Click Element" owner="SeleniumLibrary">
<msg time="2024-10-03T16:29:13.128039" level="INFO">Clicking element '//option[contains(.,'Programação')]'.</msg>
<arg>${selecionar_time}[0]</arg>
<doc>Click the element identified by ``locator``.</doc>
<status status="PASS" start="2024-10-03T16:29:13.126650" elapsed="0.074369"/>
</kw>
<status status="PASS" start="2024-10-03T16:29:12.373240" elapsed="0.827779"/>
</kw>
<kw name="Então criar card e identificar 1 card em cada time disponível" owner="cadastro_organo">
<for flavor="IN ENUMERATE">
<iter>
<kw name="Dado que eu preencha os campos do formulário" owner="cadastro_organo">
<kw name="First Name" owner="FakerLibrary">
<msg time="2024-10-03T16:29:13.201019" level="INFO">${Nome} = Gabriela</msg>
<var>${Nome}</var>
<status status="PASS" start="2024-10-03T16:29:13.201019" elapsed="0.000000"/>
</kw>
<kw name="Input Text" owner="SeleniumLibrary">
<msg time="2024-10-03T16:29:13.201019" level="INFO">Typing text 'Gabriela' into text field 'id:form-nome'.</msg>
<arg>${CAMPO_NOME}</arg>
<arg>${Nome}</arg>
<doc>Types the given ``text`` into the text field identified by ``locator``.</doc>
<status status="PASS" start="2024-10-03T16:29:13.201019" elapsed="0.299901"/>
</kw>
<kw name="Job" owner="FakerLibrary">
<msg time="2024-10-03T16:29:13.500920" level="INFO">${Cargo} = Agente funerário</msg>
<var>${Cargo}</var>
<status status="PASS" start="2024-10-03T16:29:13.500920" elapsed="0.000000"/>
</kw>
<kw name="Input Text" owner="SeleniumLibrary">
<msg time="2024-10-03T16:29:13.500920" level="INFO">Typing text 'Agente funerário' into text field 'id:form-cargo'.</msg>
<arg>${CAMPO_CARGO}</arg>
<arg>${Cargo}</arg>
<doc>Types the given ``text`` into the text field identified by ``locator``.</doc>
<status status="PASS" start="2024-10-03T16:29:13.500920" elapsed="0.171332"/>
</kw>
<kw name="Image Url" owner="FakerLibrary">
<msg time="2024-10-03T16:29:13.672252" level="INFO">${Imagem} = https://picsum.photos/200/100</msg>
<var>${Imagem}</var>
<arg>width=200</arg>
<arg>height=100</arg>
<doc>Returns URL to placeholder image
Example: http://placehold.it/640x480</doc>
<status status="PASS" start="2024-10-03T16:29:13.672252" elapsed="0.000000"/>
</kw>
<kw name="Input Text" owner="SeleniumLibrary">
<msg time="2024-10-03T16:29:13.672252" level="INFO">Typing text 'https://picsum.photos/200/100' into text field 'id:form-imagem'.</msg>
<arg>${CAMPO_IMAGEM}</arg>
<arg>${Imagem}</arg>
<doc>Types the given ``text`` into the text field identified by ``locator``.</doc>
<status status="PASS" start="2024-10-03T16:29:13.672252" elapsed="0.203771"/>
</kw>
<kw name="Click Element" owner="SeleniumLibrary">
<msg time="2024-10-03T16:29:13.876023" level="INFO">Clicking element 'class:lista-suspensa'.</msg>
<arg>${CAMPO_TIME}</arg>
<doc>Click the element identified by ``locator``.</doc>
<status status="PASS" start="2024-10-03T16:29:13.876023" elapsed="0.082427"/>
</kw>
<kw name="Click Element" owner="SeleniumLibrary">
<msg time="2024-10-03T16:29:13.966661" level="INFO">Clicking element '//option[contains(.,'Programação')]'.</msg>
<arg>${selecionar_time}[0]</arg>
<doc>Click the element identified by ``locator``.</doc>
<status status="PASS" start="2024-10-03T16:29:13.958450" elapsed="0.042532"/>
</kw>
<status status="PASS" start="2024-10-03T16:29:13.201019" elapsed="0.799963"/>
</kw>
<kw name="Click Element" owner="SeleniumLibrary">
<msg time="2024-10-03T16:29:14.000982" level="INFO">Clicking element '//option[contains(.,'Programação')]'.</msg>
<arg>${time}</arg>
<doc>Click the element identified by ``locator``.</doc>
<status status="PASS" start="2024-10-03T16:29:14.000982" elapsed="0.034016"/>
</kw>
<kw name="E clique no botão &quot;Criar Card&quot;" owner="cadastro_organo">
<kw name="Click Element" owner="SeleniumLibrary">
<msg time="2024-10-03T16:29:14.034998" level="INFO">Clicking element 'id:form-botao'.</msg>
<arg>${BOTAO_CARD}</arg>
<doc>Click the element identified by ``locator``.</doc>
<status status="PASS" start="2024-10-03T16:29:14.034998" elapsed="0.117295"/>
</kw>
<status status="PASS" start="2024-10-03T16:29:14.034998" elapsed="0.117295"/>
</kw>
<var name="${indice}">0</var>
<var name="${time}">//option[contains(.,'Programação')]</var>
<status status="PASS" start="2024-10-03T16:29:13.201019" elapsed="0.951274"/>
</iter>
<iter>
<kw name="Dado que eu preencha os campos do formulário" owner="cadastro_organo">
<kw name="First Name" owner="FakerLibrary">
<msg time="2024-10-03T16:29:14.155285" level="INFO">${Nome} = Luana</msg>
<var>${Nome}</var>
<status status="PASS" start="2024-10-03T16:29:14.154287" elapsed="0.000998"/>
</kw>
<kw name="Input Text" owner="SeleniumLibrary">
<msg time="2024-10-03T16:29:14.156282" level="INFO">Typing text 'Luana' into text field 'id:form-nome'.</msg>
<arg>${CAMPO_NOME}</arg>
<arg>${Nome}</arg>
<doc>Types the given ``text`` into the text field identified by ``locator``.</doc>
<status status="PASS" start="2024-10-03T16:29:14.155285" elapsed="0.132428"/>
</kw>
<kw name="Job" owner="FakerLibrary">
<msg time="2024-10-03T16:29:14.287713" level="INFO">${Cargo} = Gravurista</msg>
<var>${Cargo}</var>
<status status="PASS" start="2024-10-03T16:29:14.287713" elapsed="0.000000"/>
</kw>
<kw name="Input Text" owner="SeleniumLibrary">
<msg time="2024-10-03T16:29:14.287713" level="INFO">Typing text 'Gravurista' into text field 'id:form-cargo'.</msg>
<arg>${CAMPO_CARGO}</arg>
<arg>${Cargo}</arg>
<doc>Types the given ``text`` into the text field identified by ``locator``.</doc>
<status status="PASS" start="2024-10-03T16:29:14.287713" elapsed="0.145881"/>
</kw>
<kw name="Image Url" owner="FakerLibrary">
<msg time="2024-10-03T16:29:14.433594" level="INFO">${Imagem} = https://picsum.photos/200/100</msg>
<var>${Imagem}</var>
<arg>width=200</arg>
<arg>height=100</arg>
<doc>Returns URL to placeholder image
Example: http://placehold.it/640x480</doc>
<status status="PASS" start="2024-10-03T16:29:14.433594" elapsed="0.000000"/>
</kw>
<kw name="Input Text" owner="SeleniumLibrary">
<msg time="2024-10-03T16:29:14.433594" level="INFO">Typing text 'https://picsum.photos/200/100' into text field 'id:form-imagem'.</msg>
<arg>${CAMPO_IMAGEM}</arg>
<arg>${Imagem}</arg>
<doc>Types the given ``text`` into the text field identified by ``locator``.</doc>
<status status="PASS" start="2024-10-03T16:29:14.433594" elapsed="0.190405"/>
</kw>
<kw name="Click Element" owner="SeleniumLibrary">
<msg time="2024-10-03T16:29:14.623999" level="INFO">Clicking element 'class:lista-suspensa'.</msg>
<arg>${CAMPO_TIME}</arg>
<doc>Click the element identified by ``locator``.</doc>
<status status="PASS" start="2024-10-03T16:29:14.623999" elapsed="0.083846"/>
</kw>
<kw name="Click Element" owner="SeleniumLibrary">
<msg time="2024-10-03T16:29:14.710005" level="INFO">Clicking element '//option[contains(.,'Programação')]'.</msg>
<arg>${selecionar_time}[0]</arg>
<doc>Click the element identified by ``locator``.</doc>
<status status="PASS" start="2024-10-03T16:29:14.708944" elapsed="0.048882"/>
</kw>
<status status="PASS" start="2024-10-03T16:29:14.153289" elapsed="0.604537"/>
</kw>
<kw name="Click Element" owner="SeleniumLibrary">
<msg time="2024-10-03T16:29:14.757826" level="INFO">Clicking element '//option[contains(.,'Front-End')]'.</msg>
<arg>${time}</arg>
<doc>Click the element identified by ``locator``.</doc>
<status status="PASS" start="2024-10-03T16:29:14.757826" elapsed="0.042595"/>
</kw>
<kw name="E clique no botão &quot;Criar Card&quot;" owner="cadastro_organo">
<kw name="Click Element" owner="SeleniumLibrary">
<msg time="2024-10-03T16:29:14.800421" level="INFO">Clicking element 'id:form-botao'.</msg>
<arg>${BOTAO_CARD}</arg>
<doc>Click the element identified by ``locator``.</doc>
<status status="PASS" start="2024-10-03T16:29:14.800421" elapsed="0.091051"/>
</kw>
<status status="PASS" start="2024-10-03T16:29:14.800421" elapsed="0.096117"/>
</kw>
<var name="${indice}">1</var>
<var name="${time}">//option[contains(.,'Front-End')]</var>
<status status="PASS" start="2024-10-03T16:29:14.153289" elapsed="0.743249"/>
</iter>
<iter>
<kw name="Dado que eu preencha os campos do formulário" owner="cadastro_organo">
<kw name="First Name" owner="FakerLibrary">
<msg time="2024-10-03T16:29:14.899529" level="INFO">${Nome} = Paulo</msg>
<var>${Nome}</var>
<status status="PASS" start="2024-10-03T16:29:14.898533" elapsed="0.000996"/>
</kw>
<kw name="Input Text" owner="SeleniumLibrary">
<msg time="2024-10-03T16:29:14.900527" level="INFO">Typing text 'Paulo' into text field 'id:form-nome'.</msg>
<arg>${CAMPO_NOME}</arg>
<arg>${Nome}</arg>
<doc>Types the given ``text`` into the text field identified by ``locator``.</doc>
<status status="PASS" start="2024-10-03T16:29:14.899529" elapsed="0.137647"/>
</kw>
<kw name="Job" owner="FakerLibrary">
<msg time="2024-10-03T16:29:15.037176" level="INFO">${Cargo} = Polidor de produção</msg>
<var>${Cargo}</var>
<status status="PASS" start="2024-10-03T16:29:15.037176" elapsed="0.000000"/>
</kw>
<kw name="Input Text" owner="SeleniumLibrary">
<msg time="2024-10-03T16:29:15.037176" level="INFO">Typing text 'Polidor de produção' into text field 'id:form-cargo'.</msg>
<arg>${CAMPO_CARGO}</arg>
<arg>${Cargo}</arg>
<doc>Types the given ``text`` into the text field identified by ``locator``.</doc>
<status status="PASS" start="2024-10-03T16:29:15.037176" elapsed="0.312322"/>
</kw>
<kw name="Image Url" owner="FakerLibrary">
<msg time="2024-10-03T16:29:15.349498" level="INFO">${Imagem} = https://picsum.photos/200/100</msg>
<var>${Imagem}</var>
<arg>width=200</arg>
<arg>height=100</arg>
<doc>Returns URL to placeholder image
Example: http://placehold.it/640x480</doc>
<status status="PASS" start="2024-10-03T16:29:15.349498" elapsed="0.000000"/>
</kw>
<kw name="Input Text" owner="SeleniumLibrary">
<msg time="2024-10-03T16:29:15.349498" level="INFO">Typing text 'https://picsum.photos/200/100' into text field 'id:form-imagem'.</msg>
<arg>${CAMPO_IMAGEM}</arg>
<arg>${Imagem}</arg>
<doc>Types the given ``text`` into the text field identified by ``locator``.</doc>
<status status="PASS" start="2024-10-03T16:29:15.349498" elapsed="0.207570"/>
</kw>
<kw name="Click Element" owner="SeleniumLibrary">
<msg time="2024-10-03T16:29:15.557068" level="INFO">Clicking element 'class:lista-suspensa'.</msg>
<arg>${CAMPO_TIME}</arg>
<doc>Click the element identified by ``locator``.</doc>
<status status="PASS" start="2024-10-03T16:29:15.557068" elapsed="0.084245"/>
</kw>
<kw name="Click Element" owner="SeleniumLibrary">
<msg time="2024-10-03T16:29:15.649858" level="INFO">Clicking element '//option[contains(.,'Programação')]'.</msg>
<arg>${selecionar_time}[0]</arg>
<doc>Click the element identified by ``locator``.</doc>
<status status="PASS" start="2024-10-03T16:29:15.641313" elapsed="0.060516"/>
</kw>
<status status="PASS" start="2024-10-03T16:29:14.898533" elapsed="0.803296"/>
</kw>
<kw name="Click Element" owner="SeleniumLibrary">
<msg time="2024-10-03T16:29:15.701829" level="INFO">Clicking element '//option[contains(.,'Data Science')]'.</msg>
<arg>${time}</arg>
<doc>Click the element identified by ``locator``.</doc>
<status status="PASS" start="2024-10-03T16:29:15.701829" elapsed="0.053108"/>
</kw>
<kw name="E clique no botão &quot;Criar Card&quot;" owner="cadastro_organo">
<kw name="Click Element" owner="SeleniumLibrary">
<msg time="2024-10-03T16:29:15.754937" level="INFO">Clicking element 'id:form-botao'.</msg>
<arg>${BOTAO_CARD}</arg>
<doc>Click the element identified by ``locator``.</doc>
<status status="PASS" start="2024-10-03T16:29:15.754937" elapsed="0.082094"/>
</kw>
<status status="PASS" start="2024-10-03T16:29:15.754937" elapsed="0.083097"/>
</kw>
<var name="${indice}">2</var>
<var name="${time}">//option[contains(.,'Data Science')]</var>
<status status="PASS" start="2024-10-03T16:29:14.897543" elapsed="0.940491"/>
</iter>
<iter>
<kw name="Dado que eu preencha os campos do formulário" owner="cadastro_organo">
<kw name="First Name" owner="FakerLibrary">
<msg time="2024-10-03T16:29:15.841020" level="INFO">${Nome} = Luiz Miguel</msg>
<var>${Nome}</var>
<status status="PASS" start="2024-10-03T16:29:15.840024" elapsed="0.000996"/>
</kw>
<kw name="Input Text" owner="SeleniumLibrary">
<msg time="2024-10-03T16:29:15.841020" level="INFO">Typing text 'Luiz Miguel' into text field 'id:form-nome'.</msg>
<arg>${CAMPO_NOME}</arg>
<arg>${Nome}</arg>
<doc>Types the given ``text`` into the text field identified by ``locator``.</doc>
<status status="PASS" start="2024-10-03T16:29:15.841020" elapsed="0.142059"/>
</kw>
<kw name="Job" owner="FakerLibrary">
<msg time="2024-10-03T16:29:15.983079" level="INFO">${Cargo} = Lancheiro</msg>
<var>${Cargo}</var>
<status status="PASS" start="2024-10-03T16:29:15.983079" elapsed="0.000000"/>
</kw>
<kw name="Input Text" owner="SeleniumLibrary">
<msg time="2024-10-03T16:29:15.983079" level="INFO">Typing text 'Lancheiro' into text field 'id:form-cargo'.</msg>
<arg>${CAMPO_CARGO}</arg>
<arg>${Cargo}</arg>
<doc>Types the given ``text`` into the text field identified by ``locator``.</doc>
<status status="PASS" start="2024-10-03T16:29:15.983079" elapsed="0.159587"/>
</kw>
<kw name="Image Url" owner="FakerLibrary">
<msg time="2024-10-03T16:29:16.142666" level="INFO">${Imagem} = https://dummyimage.com/200x100</msg>
<var>${Imagem}</var>
<arg>width=200</arg>
<arg>height=100</arg>
<doc>Returns URL to placeholder image
Example: http://placehold.it/640x480</doc>
<status status="PASS" start="2024-10-03T16:29:16.142666" elapsed="0.003156"/>
</kw>
<kw name="Input Text" owner="SeleniumLibrary">
<msg time="2024-10-03T16:29:16.147817" level="INFO">Typing text 'https://dummyimage.com/200x100' into text field 'id:form-imagem'.</msg>
<arg>${CAMPO_IMAGEM}</arg>
<arg>${Imagem}</arg>
<doc>Types the given ``text`` into the text field identified by ``locator``.</doc>
<status status="PASS" start="2024-10-03T16:29:16.146830" elapsed="0.194920"/>
</kw>
<kw name="Click Element" owner="SeleniumLibrary">
<msg time="2024-10-03T16:29:16.343260" level="INFO">Clicking element 'class:lista-suspensa'.</msg>
<arg>${CAMPO_TIME}</arg>
<doc>Click the element identified by ``locator``.</doc>
<status status="PASS" start="2024-10-03T16:29:16.343260" elapsed="0.067729"/>
</kw>
<kw name="Click Element" owner="SeleniumLibrary">
<msg time="2024-10-03T16:29:16.415575" level="INFO">Clicking element '//option[contains(.,'Programação')]'.</msg>
<arg>${selecionar_time}[0]</arg>
<doc>Click the element identified by ``locator``.</doc>
<status status="PASS" start="2024-10-03T16:29:16.413202" elapsed="0.056354"/>
</kw>
<status status="PASS" start="2024-10-03T16:29:15.840024" elapsed="0.629532"/>
</kw>
<kw name="Click Element" owner="SeleniumLibrary">
<msg time="2024-10-03T16:29:16.470557" level="INFO">Clicking element '//option[contains(.,'Devops')]'.</msg>
<arg>${time}</arg>
<doc>Click the element identified by ``locator``.</doc>
<status status="PASS" start="2024-10-03T16:29:16.470557" elapsed="0.047755"/>
</kw>
<kw name="E clique no botão &quot;Criar Card&quot;" owner="cadastro_organo">
<kw name="Click Element" owner="SeleniumLibrary">
<msg time="2024-10-03T16:29:16.518312" level="INFO">Clicking element 'id:form-botao'.</msg>
<arg>${BOTAO_CARD}</arg>
<doc>Click the element identified by ``locator``.</doc>
<status status="PASS" start="2024-10-03T16:29:16.518312" elapsed="0.058377"/>
</kw>
<status status="PASS" start="2024-10-03T16:29:16.518312" elapsed="0.058377"/>
</kw>
<var name="${indice}">3</var>
<var name="${time}">//option[contains(.,'Devops')]</var>
<status status="PASS" start="2024-10-03T16:29:15.839029" elapsed="0.737660"/>
</iter>
<iter>
<kw name="Dado que eu preencha os campos do formulário" owner="cadastro_organo">
<kw name="First Name" owner="FakerLibrary">
<msg time="2024-10-03T16:29:16.576689" level="INFO">${Nome} = Cauê</msg>
<var>${Nome}</var>
<status status="PASS" start="2024-10-03T16:29:16.576689" elapsed="0.000000"/>
</kw>
<kw name="Input Text" owner="SeleniumLibrary">
<msg time="2024-10-03T16:29:16.592311" level="INFO">Typing text 'Cauê' into text field 'id:form-nome'.</msg>
<arg>${CAMPO_NOME}</arg>
<arg>${Nome}</arg>
<doc>Types the given ``text`` into the text field identified by ``locator``.</doc>
<status status="PASS" start="2024-10-03T16:29:16.592311" elapsed="0.117178"/>
</kw>
<kw name="Job" owner="FakerLibrary">
<msg time="2024-10-03T16:29:16.709489" level="INFO">${Cargo} = Tesoureiro</msg>
<var>${Cargo}</var>
<status status="PASS" start="2024-10-03T16:29:16.709489" elapsed="0.000000"/>
</kw>
<kw name="Input Text" owner="SeleniumLibrary">
<msg time="2024-10-03T16:29:16.713789" level="INFO">Typing text 'Tesoureiro' into text field 'id:form-cargo'.</msg>
<arg>${CAMPO_CARGO}</arg>
<arg>${Cargo}</arg>
<doc>Types the given ``text`` into the text field identified by ``locator``.</doc>
<status status="PASS" start="2024-10-03T16:29:16.712789" elapsed="0.136606"/>
</kw>
<kw name="Image Url" owner="FakerLibrary">
<msg time="2024-10-03T16:29:16.849395" level="INFO">${Imagem} = https://placekitten.com/200/100</msg>
<var>${Imagem}</var>
<arg>width=200</arg>
<arg>height=100</arg>
<doc>Returns URL to placeholder image
Example: http://placehold.it/640x480</doc>
<status status="PASS" start="2024-10-03T16:29:16.849395" elapsed="0.000000"/>
</kw>
<kw name="Input Text" owner="SeleniumLibrary">
<msg time="2024-10-03T16:29:16.849395" level="INFO">Typing text 'https://placekitten.com/200/100' into text field 'id:form-imagem'.</msg>
<arg>${CAMPO_IMAGEM}</arg>
<arg>${Imagem}</arg>
<doc>Types the given ``text`` into the text field identified by ``locator``.</doc>
<status status="PASS" start="2024-10-03T16:29:16.849395" elapsed="0.297529"/>
</kw>
<kw name="Click Element" owner="SeleniumLibrary">
<msg time="2024-10-03T16:29:17.147901" level="INFO">Clicking element 'class:lista-suspensa'.</msg>
<arg>${CAMPO_TIME}</arg>
<doc>Click the element identified by ``locator``.</doc>
<status status="PASS" start="2024-10-03T16:29:17.147901" elapsed="0.074694"/>
</kw>
<kw name="Click Element" owner="SeleniumLibrary">
<msg time="2024-10-03T16:29:17.224275" level="INFO">Clicking element '//option[contains(.,'Programação')]'.</msg>
<arg>${selecionar_time}[0]</arg>
<doc>Click the element identified by ``locator``.</doc>
<status status="PASS" start="2024-10-03T16:29:17.223858" elapsed="0.050681"/>
</kw>
<status status="PASS" start="2024-10-03T16:29:16.576689" elapsed="0.697850"/>
</kw>
<kw name="Click Element" owner="SeleniumLibrary">
<msg time="2024-10-03T16:29:17.275534" level="INFO">Clicking element '//option[contains(.,'UX e Design')]'.</msg>
<arg>${time}</arg>
<doc>Click the element identified by ``locator``.</doc>
<status status="PASS" start="2024-10-03T16:29:17.274539" elapsed="0.044829"/>
</kw>
<kw name="E clique no botão &quot;Criar Card&quot;" owner="cadastro_organo">
<kw name="Click Element" owner="SeleniumLibrary">
<msg time="2024-10-03T16:29:17.321880" level="INFO">Clicking element 'id:form-botao'.</msg>
<arg>${BOTAO_CARD}</arg>
<doc>Click the element identified by ``locator``.</doc>
<status status="PASS" start="2024-10-03T16:29:17.320881" elapsed="0.067621"/>
</kw>
<status status="PASS" start="2024-10-03T16:29:17.319368" elapsed="0.070131"/>
</kw>
<var name="${indice}">4</var>
<var name="${time}">//option[contains(.,'UX e Design')]</var>
<status status="PASS" start="2024-10-03T16:29:16.576689" elapsed="0.812810"/>
</iter>
<iter>
<kw name="Dado que eu preencha os campos do formulário" owner="cadastro_organo">
<kw name="First Name" owner="FakerLibrary">
<msg time="2024-10-03T16:29:17.391494" level="INFO">${Nome} = Pietra</msg>
<var>${Nome}</var>
<status status="PASS" start="2024-10-03T16:29:17.391494" elapsed="0.000000"/>
</kw>
<kw name="Input Text" owner="SeleniumLibrary">
<msg time="2024-10-03T16:29:17.392491" level="INFO">Typing text 'Pietra' into text field 'id:form-nome'.</msg>
<arg>${CAMPO_NOME}</arg>
<arg>${Nome}</arg>
<doc>Types the given ``text`` into the text field identified by ``locator``.</doc>
<status status="PASS" start="2024-10-03T16:29:17.391494" elapsed="0.122156"/>
</kw>
<kw name="Job" owner="FakerLibrary">
<msg time="2024-10-03T16:29:17.514649" level="INFO">${Cargo} = Mototaxista</msg>
<var>${Cargo}</var>
<status status="PASS" start="2024-10-03T16:29:17.513650" elapsed="0.000999"/>
</kw>
<kw name="Input Text" owner="SeleniumLibrary">
<msg time="2024-10-03T16:29:17.515645" level="INFO">Typing text 'Mototaxista' into text field 'id:form-cargo'.</msg>
<arg>${CAMPO_CARGO}</arg>
<arg>${Cargo}</arg>
<doc>Types the given ``text`` into the text field identified by ``locator``.</doc>
<status status="PASS" start="2024-10-03T16:29:17.514649" elapsed="0.132900"/>
</kw>
<kw name="Image Url" owner="FakerLibrary">
<msg time="2024-10-03T16:29:17.647549" level="INFO">${Imagem} = https://dummyimage.com/200x100</msg>
<var>${Imagem}</var>
<arg>width=200</arg>
<arg>height=100</arg>
<doc>Returns URL to placeholder image
Example: http://placehold.it/640x480</doc>
<status status="PASS" start="2024-10-03T16:29:17.647549" elapsed="0.000000"/>
</kw>
<kw name="Input Text" owner="SeleniumLibrary">
<msg time="2024-10-03T16:29:17.647549" level="INFO">Typing text 'https://dummyimage.com/200x100' into text field 'id:form-imagem'.</msg>
<arg>${CAMPO_IMAGEM}</arg>
<arg>${Imagem}</arg>
<doc>Types the given ``text`` into the text field identified by ``locator``.</doc>
<status status="PASS" start="2024-10-03T16:29:17.647549" elapsed="0.207532"/>
</kw>
<kw name="Click Element" owner="SeleniumLibrary">
<msg time="2024-10-03T16:29:17.855081" level="INFO">Clicking element 'class:lista-suspensa'.</msg>
<arg>${CAMPO_TIME}</arg>
<doc>Click the element identified by ``locator``.</doc>
<status status="PASS" start="2024-10-03T16:29:17.855081" elapsed="0.077930"/>
</kw>
<kw name="Click Element" owner="SeleniumLibrary">
<msg time="2024-10-03T16:29:17.933011" level="INFO">Clicking element '//option[contains(.,'Programação')]'.</msg>
<arg>${selecionar_time}[0]</arg>
<doc>Click the element identified by ``locator``.</doc>
<status status="PASS" start="2024-10-03T16:29:17.933011" elapsed="0.058914"/>
</kw>
<status status="PASS" start="2024-10-03T16:29:17.390496" elapsed="0.601429"/>
</kw>
<kw name="Click Element" owner="SeleniumLibrary">
<msg time="2024-10-03T16:29:17.992922" level="INFO">Clicking element '//option[contains(.,'Mobile')]'.</msg>
<arg>${time}</arg>
<doc>Click the element identified by ``locator``.</doc>
<status status="PASS" start="2024-10-03T16:29:17.992922" elapsed="0.047049"/>
</kw>
<kw name="E clique no botão &quot;Criar Card&quot;" owner="cadastro_organo">
<kw name="Click Element" owner="SeleniumLibrary">
<msg time="2024-10-03T16:29:18.040968" level="INFO">Clicking element 'id:form-botao'.</msg>
<arg>${BOTAO_CARD}</arg>
<doc>Click the element identified by ``locator``.</doc>
<status status="PASS" start="2024-10-03T16:29:18.040968" elapsed="0.075374"/>
</kw>
<status status="PASS" start="2024-10-03T16:29:18.039971" elapsed="0.076371"/>
</kw>
<var name="${indice}">5</var>
<var name="${time}">//option[contains(.,'Mobile')]</var>
<status status="PASS" start="2024-10-03T16:29:17.390496" elapsed="0.726846"/>
</iter>
<iter>
<kw name="Dado que eu preencha os campos do formulário" owner="cadastro_organo">
<kw name="First Name" owner="FakerLibrary">
<msg time="2024-10-03T16:29:18.120334" level="INFO">${Nome} = Isis</msg>
<var>${Nome}</var>
<status status="PASS" start="2024-10-03T16:29:18.119334" elapsed="0.001000"/>
</kw>
<kw name="Input Text" owner="SeleniumLibrary">
<msg time="2024-10-03T16:29:18.121328" level="INFO">Typing text 'Isis' into text field 'id:form-nome'.</msg>
<arg>${CAMPO_NOME}</arg>
<arg>${Nome}</arg>
<doc>Types the given ``text`` into the text field identified by ``locator``.</doc>
<status status="PASS" start="2024-10-03T16:29:18.121328" elapsed="0.128695"/>
</kw>
<kw name="Job" owner="FakerLibrary">
<msg time="2024-10-03T16:29:18.250023" level="INFO">${Cargo} = Comissário de bordo</msg>
<var>${Cargo}</var>
<status status="PASS" start="2024-10-03T16:29:18.250023" elapsed="0.000000"/>
</kw>
<kw name="Input Text" owner="SeleniumLibrary">
<msg time="2024-10-03T16:29:18.250023" level="INFO">Typing text 'Comissário de bordo' into text field 'id:form-cargo'.</msg>
<arg>${CAMPO_CARGO}</arg>
<arg>${Cargo}</arg>
<doc>Types the given ``text`` into the text field identified by ``locator``.</doc>
<status status="PASS" start="2024-10-03T16:29:18.250023" elapsed="0.158312"/>
</kw>
<kw name="Image Url" owner="FakerLibrary">
<msg time="2024-10-03T16:29:18.408335" level="INFO">${Imagem} = https://dummyimage.com/200x100</msg>
<var>${Imagem}</var>
<arg>width=200</arg>
<arg>height=100</arg>
<doc>Returns URL to placeholder image
Example: http://placehold.it/640x480</doc>
<status status="PASS" start="2024-10-03T16:29:18.408335" elapsed="0.000000"/>
</kw>
<kw name="Input Text" owner="SeleniumLibrary">
<msg time="2024-10-03T16:29:18.408335" level="INFO">Typing text 'https://dummyimage.com/200x100' into text field 'id:form-imagem'.</msg>
<arg>${CAMPO_IMAGEM}</arg>
<arg>${Imagem}</arg>
<doc>Types the given ``text`` into the text field identified by ``locator``.</doc>
<status status="PASS" start="2024-10-03T16:29:18.408335" elapsed="0.191392"/>
</kw>
<kw name="Click Element" owner="SeleniumLibrary">
<msg time="2024-10-03T16:29:18.599727" level="INFO">Clicking element 'class:lista-suspensa'.</msg>
<arg>${CAMPO_TIME}</arg>
<doc>Click the element identified by ``locator``.</doc>
<status status="PASS" start="2024-10-03T16:29:18.599727" elapsed="0.063798"/>
</kw>
<kw name="Click Element" owner="SeleniumLibrary">
<msg time="2024-10-03T16:29:18.669437" level="INFO">Clicking element '//option[contains(.,'Programação')]'.</msg>
<arg>${selecionar_time}[0]</arg>
<doc>Click the element identified by ``locator``.</doc>
<status status="PASS" start="2024-10-03T16:29:18.669437" elapsed="0.041784"/>
</kw>
<status status="PASS" start="2024-10-03T16:29:18.118339" elapsed="0.592882"/>
</kw>
<kw name="Click Element" owner="SeleniumLibrary">
<msg time="2024-10-03T16:29:18.713010" level="INFO">Clicking element '//option[contains(.,'Inovação')]'.</msg>
<arg>${time}</arg>
<doc>Click the element identified by ``locator``.</doc>
<status status="PASS" start="2024-10-03T16:29:18.711221" elapsed="0.089959"/>
</kw>
<kw name="E clique no botão &quot;Criar Card&quot;" owner="cadastro_organo">
<kw name="Click Element" owner="SeleniumLibrary">
<msg time="2024-10-03T16:29:18.801180" level="INFO">Clicking element 'id:form-botao'.</msg>
<arg>${BOTAO_CARD}</arg>
<doc>Click the element identified by ``locator``.</doc>
<status status="PASS" start="2024-10-03T16:29:18.801180" elapsed="0.132128"/>
</kw>
<status status="PASS" start="2024-10-03T16:29:18.801180" elapsed="0.132128"/>
</kw>
<var name="${indice}">6</var>
<var name="${time}">//option[contains(.,'Inovação')]</var>
<status status="PASS" start="2024-10-03T16:29:18.117342" elapsed="0.815966"/>
</iter>
<var>${indice}</var>
<var>${time}</var>
<value>@{selecionar_time}</value>
<status status="PASS" start="2024-10-03T16:29:13.201019" elapsed="5.733286"/>
</for>
<kw name="Sleep" owner="BuiltIn">
<msg time="2024-10-03T16:29:28.935662" level="INFO">Slept 10 seconds.</msg>
<arg>10s</arg>
<doc>Pauses the test executed for the given time.</doc>
<status status="PASS" start="2024-10-03T16:29:18.934305" elapsed="10.001357"/>
</kw>
<status status="PASS" start="2024-10-03T16:29:13.201019" elapsed="15.734643"/>
</kw>
<kw name="Fechar o navegador" owner="setup_teardown" type="TEARDOWN">
<kw name="Close Browser" owner="SeleniumLibrary">
<doc>Closes the current browser.</doc>
<status status="PASS" start="2024-10-03T16:29:28.948642" elapsed="3.983074"/>
</kw>
<status status="PASS" start="2024-10-03T16:29:28.948642" elapsed="3.983074"/>
</kw>
<status status="PASS" start="2024-10-03T16:29:06.069030" elapsed="26.862686"/>
</test>
<status status="PASS" start="2024-10-03T16:29:04.943937" elapsed="28.003919"/>
</suite>
<statistics>
<total>
<stat pass="1" fail="0" skip="0">All Tests</stat>
</total>
<tag>
</tag>
<suite>
<stat pass="1" fail="0" skip="0" id="s1" name="Preenchimento Correto">Preenchimento Correto</stat>
</suite>
</statistics>
<errors>
</errors>
</robot>
